<?xml version="1.0" encoding="UTF-8"?>
<testsuite xmlns:xsi="http://www.w3.org/2001/XMLSchema-instance" xsi:noNamespaceSchemaLocation="https://maven.apache.org/surefire/maven-surefire-plugin/xsd/surefire-test-report-3.0.xsd" version="3.0" name="Tests.AccepanceTests" time="19.914" tests="62" errors="0" skipped="0" failures="0">
  <properties>
    <property name="java.specification.version" value="21"/>
    <property name="sun.cpu.isalist" value="amd64"/>
    <property name="sun.jnu.encoding" value="Cp1252"/>
    <property name="java.class.path" value="C:\Users\Idan\Desktop\אקדמיה וכו\שנה ג\קורסים סמסטר ו\סדנה ליישום פרוייקט תוכנה\עבודות\project\Whole-System\target\test-classes;C:\Users\Idan\Desktop\אקדמיה וכו\שנה ג\קורסים סמסטר ו\סדנה ליישום פרוייקט תוכנה\עבודות\project\Whole-System\target\classes;C:\Users\Idan\.m2\repository\io\jsonwebtoken\jjwt-orgjson\0.12.6\jjwt-orgjson-0.12.6.jar;C:\Users\Idan\.m2\repository\org\json\json\20231013\json-20231013.jar;C:\Users\Idan\.m2\repository\io\jsonwebtoken\jjwt-api\0.12.6\jjwt-api-0.12.6.jar;C:\Users\Idan\.m2\repository\io\jsonwebtoken\jjwt-impl\0.12.6\jjwt-impl-0.12.6.jar;C:\Users\Idan\.m2\repository\io\jsonwebtoken\jjwt-jackson\0.12.6\jjwt-jackson-0.12.6.jar;C:\Users\Idan\.m2\repository\com\fasterxml\jackson\core\jackson-annotations\2.15.3\jackson-annotations-2.15.3.jar;C:\Users\Idan\.m2\repository\com\fasterxml\jackson\core\jackson-core\2.15.3\jackson-core-2.15.3.jar;C:\Users\Idan\.m2\repository\com\fasterxml\jackson\core\jackson-databind\2.15.3\jackson-databind-2.15.3.jar;C:\Users\Idan\.m2\repository\org\springframework\spring-beans\5.3.10\spring-beans-5.3.10.jar;C:\Users\Idan\.m2\repository\org\springframework\spring-core\5.3.10\spring-core-5.3.10.jar;C:\Users\Idan\.m2\repository\org\springframework\spring-jcl\5.3.10\spring-jcl-5.3.10.jar;C:\Users\Idan\.m2\repository\org\springframework\spring-context\5.3.10\spring-context-5.3.10.jar;C:\Users\Idan\.m2\repository\org\springframework\spring-aop\5.3.10\spring-aop-5.3.10.jar;C:\Users\Idan\.m2\repository\org\springframework\spring-expression\5.3.10\spring-expression-5.3.10.jar;C:\Users\Idan\.m2\repository\org\springframework\security\spring-security-crypto\6.2.1\spring-security-crypto-6.2.1.jar;C:\Users\Idan\.m2\repository\org\junit\platform\junit-platform-console-standalone\1.9.3\junit-platform-console-standalone-1.9.3.jar;C:\Users\Idan\.m2\repository\net\bytebuddy\byte-buddy\1.14.12\byte-buddy-1.14.12.jar;C:\Users\Idan\.m2\repository\net\bytebuddy\byte-buddy-agent\1.14.12\byte-buddy-agent-1.14.12.jar;C:\Users\Idan\.m2\repository\org\mockito\mockito-core\5.2.0\mockito-core-5.2.0.jar;C:\Users\Idan\.m2\repository\org\objenesis\objenesis\3.3\objenesis-3.3.jar;C:\Users\Idan\.m2\repository\org\mockito\mockito-junit-jupiter\5.2.0\mockito-junit-jupiter-5.2.0.jar;C:\Users\Idan\.m2\repository\org\junit\jupiter\junit-jupiter-api\5.9.2\junit-jupiter-api-5.9.2.jar;C:\Users\Idan\.m2\repository\org\opentest4j\opentest4j\1.2.0\opentest4j-1.2.0.jar;C:\Users\Idan\.m2\repository\org\junit\platform\junit-platform-commons\1.9.2\junit-platform-commons-1.9.2.jar;C:\Users\Idan\.m2\repository\org\apiguardian\apiguardian-api\1.1.2\apiguardian-api-1.1.2.jar;C:\Users\Idan\.m2\repository\commons-logging\commons-logging\1.2\commons-logging-1.2.jar;"/>
    <property name="java.vm.vendor" value="Oracle Corporation"/>
    <property name="sun.arch.data.model" value="64"/>
    <property name="user.variant" value=""/>
    <property name="java.vendor.url" value="https://java.oracle.com/"/>
    <property name="user.timezone" value="Asia/Jerusalem"/>
    <property name="user.country.format" value="IL"/>
    <property name="os.name" value="Windows 10"/>
    <property name="java.vm.specification.version" value="21"/>
    <property name="sun.java.launcher" value="SUN_STANDARD"/>
    <property name="user.country" value="US"/>
    <property name="sun.boot.library.path" value="C:\Program Files\Java\jdk-21\bin"/>
    <property name="sun.java.command" value="C:\Users\Idan\AppData\Local\Temp\surefire2586447517703399209\surefirebooter-20250505183058064_3.jar C:\Users\Idan\AppData\Local\Temp\surefire2586447517703399209 2025-05-05T18-30-57_930-jvmRun1 surefire-20250505183058064_1tmp surefire_0-20250505183058064_2tmp"/>
    <property name="jdk.debug" value="release"/>
    <property name="surefire.test.class.path" value="C:\Users\Idan\Desktop\אקדמיה וכו\שנה ג\קורסים סמסטר ו\סדנה ליישום פרוייקט תוכנה\עבודות\project\Whole-System\target\test-classes;C:\Users\Idan\Desktop\אקדמיה וכו\שנה ג\קורסים סמסטר ו\סדנה ליישום פרוייקט תוכנה\עבודות\project\Whole-System\target\classes;C:\Users\Idan\.m2\repository\io\jsonwebtoken\jjwt-orgjson\0.12.6\jjwt-orgjson-0.12.6.jar;C:\Users\Idan\.m2\repository\org\json\json\20231013\json-20231013.jar;C:\Users\Idan\.m2\repository\io\jsonwebtoken\jjwt-api\0.12.6\jjwt-api-0.12.6.jar;C:\Users\Idan\.m2\repository\io\jsonwebtoken\jjwt-impl\0.12.6\jjwt-impl-0.12.6.jar;C:\Users\Idan\.m2\repository\io\jsonwebtoken\jjwt-jackson\0.12.6\jjwt-jackson-0.12.6.jar;C:\Users\Idan\.m2\repository\com\fasterxml\jackson\core\jackson-annotations\2.15.3\jackson-annotations-2.15.3.jar;C:\Users\Idan\.m2\repository\com\fasterxml\jackson\core\jackson-core\2.15.3\jackson-core-2.15.3.jar;C:\Users\Idan\.m2\repository\com\fasterxml\jackson\core\jackson-databind\2.15.3\jackson-databind-2.15.3.jar;C:\Users\Idan\.m2\repository\org\springframework\spring-beans\5.3.10\spring-beans-5.3.10.jar;C:\Users\Idan\.m2\repository\org\springframework\spring-core\5.3.10\spring-core-5.3.10.jar;C:\Users\Idan\.m2\repository\org\springframework\spring-jcl\5.3.10\spring-jcl-5.3.10.jar;C:\Users\Idan\.m2\repository\org\springframework\spring-context\5.3.10\spring-context-5.3.10.jar;C:\Users\Idan\.m2\repository\org\springframework\spring-aop\5.3.10\spring-aop-5.3.10.jar;C:\Users\Idan\.m2\repository\org\springframework\spring-expression\5.3.10\spring-expression-5.3.10.jar;C:\Users\Idan\.m2\repository\org\springframework\security\spring-security-crypto\6.2.1\spring-security-crypto-6.2.1.jar;C:\Users\Idan\.m2\repository\org\junit\platform\junit-platform-console-standalone\1.9.3\junit-platform-console-standalone-1.9.3.jar;C:\Users\Idan\.m2\repository\net\bytebuddy\byte-buddy\1.14.12\byte-buddy-1.14.12.jar;C:\Users\Idan\.m2\repository\net\bytebuddy\byte-buddy-agent\1.14.12\byte-buddy-agent-1.14.12.jar;C:\Users\Idan\.m2\repository\org\mockito\mockito-core\5.2.0\mockito-core-5.2.0.jar;C:\Users\Idan\.m2\repository\org\objenesis\objenesis\3.3\objenesis-3.3.jar;C:\Users\Idan\.m2\repository\org\mockito\mockito-junit-jupiter\5.2.0\mockito-junit-jupiter-5.2.0.jar;C:\Users\Idan\.m2\repository\org\junit\jupiter\junit-jupiter-api\5.9.2\junit-jupiter-api-5.9.2.jar;C:\Users\Idan\.m2\repository\org\opentest4j\opentest4j\1.2.0\opentest4j-1.2.0.jar;C:\Users\Idan\.m2\repository\org\junit\platform\junit-platform-commons\1.9.2\junit-platform-commons-1.9.2.jar;C:\Users\Idan\.m2\repository\org\apiguardian\apiguardian-api\1.1.2\apiguardian-api-1.1.2.jar;C:\Users\Idan\.m2\repository\commons-logging\commons-logging\1.2\commons-logging-1.2.jar;"/>
    <property name="sun.cpu.endian" value="little"/>
    <property name="user.home" value="C:\Users\Idan"/>
    <property name="user.language" value="en"/>
    <property name="java.specification.vendor" value="Oracle Corporation"/>
    <property name="java.version.date" value="2024-10-15"/>
    <property name="java.home" value="C:\Program Files\Java\jdk-21"/>
    <property name="file.separator" value="\"/>
    <property name="basedir" value="C:\Users\Idan\Desktop\אקדמיה וכו\שנה ג\קורסים סמסטר ו\סדנה ליישום פרוייקט תוכנה\עבודות\project\Whole-System"/>
    <property name="java.vm.compressedOopsMode" value="Zero based"/>
    <property name="line.separator" value="&#10;"/>
    <property name="java.vm.specification.vendor" value="Oracle Corporation"/>
    <property name="java.specification.name" value="Java Platform API Specification"/>
    <property name="surefire.real.class.path" value="C:\Users\Idan\AppData\Local\Temp\surefire2586447517703399209\surefirebooter-20250505183058064_3.jar"/>
    <property name="user.script" value=""/>
    <property name="sun.management.compiler" value="HotSpot 64-Bit Tiered Compilers"/>
    <property name="java.runtime.version" value="21.0.5+9-LTS-239"/>
    <property name="user.name" value="Idan"/>
    <property name="stdout.encoding" value="Cp1252"/>
    <property name="path.separator" value=";"/>
    <property name="os.version" value="10.0"/>
    <property name="java.runtime.name" value="Java(TM) SE Runtime Environment"/>
    <property name="file.encoding" value="UTF-8"/>
    <property name="java.vm.name" value="Java HotSpot(TM) 64-Bit Server VM"/>
    <property name="localRepository" value="C:\Users\Idan\.m2\repository"/>
    <property name="java.vendor.url.bug" value="https://bugreport.java.com/bugreport/"/>
    <property name="java.io.tmpdir" value="C:\Users\Idan\AppData\Local\Temp\"/>
    <property name="java.version" value="21.0.5"/>
    <property name="user.dir" value="C:\Users\Idan\Desktop\אקדמיה וכו\שנה ג\קורסים סמסטר ו\סדנה ליישום פרוייקט תוכנה\עבודות\project\Whole-System"/>
    <property name="os.arch" value="amd64"/>
    <property name="java.vm.specification.name" value="Java Virtual Machine Specification"/>
    <property name="sun.os.patch.level" value=""/>
    <property name="native.encoding" value="Cp1252"/>
    <property name="java.library.path" value="C:\Program Files\Java\jdk-21\bin;C:\Windows\Sun\Java\bin;C:\Windows\system32;C:\Windows;C:\Program Files\WindowsApps\Microsoft.PowerShell_7.5.1.0_x64__8wekyb3d8bbwe;C:\Program Files\Common Files\Oracle\Java\javapath;C:\Windows\system32;C:\Windows;C:\Windows\System32\Wbem;C:\Windows\System32\WindowsPowerShell\v1.0\;C:\Windows\System32\OpenSSH\;C:\Program Files\dotnet\;C:\Program Files\Microsoft SQL Server\150\Tools\Binn\;C:\Program Files\Microsoft SQL Server\Client SDK\ODBC\170\Tools\Binn\;C:\Program Files\Git\cmd;C:\Program Files\PuTTY\;C:\Program Files\apache-maven-3.9.6\bin;C:\Program Files\nodejs\;C:\Program Files\Docker\Docker\resources\bin;C:\Program Files\PowerShell\7-preview\preview;C:\Users\Idan\AppData\Local\Programs\Python\Python37\Scripts\;C:\Users\Idan\AppData\Local\Programs\Python\Python37\;C:\Users\Idan\AppData\Local\Programs\Python\Python313\Scripts\;C:\Users\Idan\AppData\Local\Programs\Python\Python313\;C:\Users\Idan\AppData\Local\Microsoft\WindowsApps;C:\Program Files\JetBrains\PyCharm Community Edition 2022.2.3\bin;C:\Users\Idan\.dotnet\tools;C:\Users\Idan\AppData\Local\JetBrains\Toolbox\scripts;;C:\Program Files\JetBrains\IntelliJ IDEA 2022.3.3\bin;;C:\Users\Idan\AppData\Local\Programs\Microsoft VS Code\bin;C:\Users\Idan\AppData\Roaming\npm;c:\Users\Idan\AppData\Roaming\Code\User\globalStorage\github.copilot-chat\debugCommand;."/>
    <property name="java.vm.info" value="mixed mode, sharing"/>
    <property name="stderr.encoding" value="Cp1252"/>
    <property name="java.vendor" value="Oracle Corporation"/>
    <property name="java.vm.version" value="21.0.5+9-LTS-239"/>
    <property name="sun.io.unicode.encoding" value="UnicodeLittle"/>
    <property name="java.class.version" value="65.0"/>
  </properties>
  <testcase name="userLacksPermission" classname="Tests.AccepanceTests" time="1.726">
    <system-err><![CDATA[User entered the system
User logged in successfully
Shop created: MyShop by user: 0
Item added to shop: Apple in shop: MyShop by user: 0
Item added to shop: Banana in shop: MyShop by user: 0
Item added to shop: Laptop in shop: MyShop by user: 0
Shop info retrieved: MyShop by user: Owner
Item quantity changed in shop: 0 in shop: MyShop by user: 0
Item quantity changed in shop: 1 in shop: MyShop by user: 0
Item quantity changed in shop: 2 in shop: MyShop by user: 0
Shop info retrieved: MyShop by user: Owner
User entered the system
User logged in successfully
Shop manager added: mgr2 in shop: MyShop by user: 0
Error retrieving members permissions: You don't have permission to view members permissions
]]></system-err>
  </testcase>
  <testcase name="failedGuestRegister" classname="Tests.AccepanceTests" time="0.145">
    <system-err><![CDATA[User entered the system
User entered the system
Error registering user: Username already exists
]]></system-err>
  </testcase>
  <testcase name="concurrentRemoveAndPurchase" classname="Tests.AccepanceTests" time="1.497">
    <system-err><![CDATA[User entered the system
User logged in successfully
Shop created: MyShop by user: 0
Item added to shop: Apple in shop: MyShop by user: 0
Item added to shop: Banana in shop: MyShop by user: 0
Item added to shop: Laptop in shop: MyShop by user: 0
Shop info retrieved: MyShop by user: owner0
Item quantity changed in shop: 0 in shop: MyShop by user: 0
Item quantity changed in shop: 1 in shop: MyShop by user: 0
Item quantity changed in shop: 2 in shop: MyShop by user: 0
Shop info retrieved: MyShop by user: owner0
Item quantity changed in shop: 0 in shop: MyShop by user: 0
User entered the system
Items added to cart successfully
Item removed from shop: 0 in shop: MyShop by user: 0
Error buying cart content: Payment details invalid
User entered the system
User logged in successfully
Shop created: MyShop by user: 2
Item added to shop: Apple in shop: MyShop by user: 2
Item added to shop: Banana in shop: MyShop by user: 2
Item added to shop: Laptop in shop: MyShop by user: 2
Shop info retrieved: MyShop by user: owner1
Item quantity changed in shop: 0 in shop: MyShop by user: 2
Item quantity changed in shop: 1 in shop: MyShop by user: 2
Item quantity changed in shop: 2 in shop: MyShop by user: 2
Shop info retrieved: MyShop by user: owner1
Item quantity changed in shop: 0 in shop: MyShop by user: 2
User entered the system
Items added to cart successfully
Item removed from shop: 0 in shop: MyShop by user: 2
Error buying cart content: Payment details invalid
User entered the system
User logged in successfully
Shop created: MyShop by user: 4
Item added to shop: Apple in shop: MyShop by user: 4
Item added to shop: Banana in shop: MyShop by user: 4
Item added to shop: Laptop in shop: MyShop by user: 4
Shop info retrieved: MyShop by user: owner2
Item quantity changed in shop: 0 in shop: MyShop by user: 4
Item quantity changed in shop: 1 in shop: MyShop by user: 4
Item quantity changed in shop: 2 in shop: MyShop by user: 4
Shop info retrieved: MyShop by user: owner2
Item quantity changed in shop: 0 in shop: MyShop by user: 4
User entered the system
Items added to cart successfully
Item removed from shop: 0 in shop: MyShop by user: 4
Error buying cart content: Payment details invalid
User entered the system
User logged in successfully
Shop created: MyShop by user: 6
Item added to shop: Apple in shop: MyShop by user: 6
Item added to shop: Banana in shop: MyShop by user: 6
Item added to shop: Laptop in shop: MyShop by user: 6
Shop info retrieved: MyShop by user: owner3
Item quantity changed in shop: 0 in shop: MyShop by user: 6
Item quantity changed in shop: 1 in shop: MyShop by user: 6
Item quantity changed in shop: 2 in shop: MyShop by user: 6
Shop info retrieved: MyShop by user: owner3
Item quantity changed in shop: 0 in shop: MyShop by user: 6
User entered the system
Items added to cart successfully
Item removed from shop: 0 in shop: MyShop by user: 6
Error buying cart content: Payment details invalid
User entered the system
User logged in successfully
Shop created: MyShop by user: 8
Item added to shop: Apple in shop: MyShop by user: 8
Item added to shop: Banana in shop: MyShop by user: 8
Item added to shop: Laptop in shop: MyShop by user: 8
Shop info retrieved: MyShop by user: owner4
Item quantity changed in shop: 0 in shop: MyShop by user: 8
Item quantity changed in shop: 1 in shop: MyShop by user: 8
Item quantity changed in shop: 2 in shop: MyShop by user: 8
Shop info retrieved: MyShop by user: owner4
Item quantity changed in shop: 0 in shop: MyShop by user: 8
User entered the system
Items added to cart successfully
Item removed from shop: 0 in shop: MyShop by user: 8
Error buying cart content: Payment details invalid
User entered the system
User logged in successfully
Shop created: MyShop by user: 10
Item added to shop: Apple in shop: MyShop by user: 10
Item added to shop: Banana in shop: MyShop by user: 10
Item added to shop: Laptop in shop: MyShop by user: 10
Shop info retrieved: MyShop by user: owner5
Item quantity changed in shop: 0 in shop: MyShop by user: 10
Item quantity changed in shop: 1 in shop: MyShop by user: 10
Item quantity changed in shop: 2 in shop: MyShop by user: 10
Shop info retrieved: MyShop by user: owner5
Item quantity changed in shop: 0 in shop: MyShop by user: 10
User entered the system
Items added to cart successfully
Item removed from shop: 0 in shop: MyShop by user: 10
Error buying cart content: Payment details invalid
User entered the system
User logged in successfully
Shop created: MyShop by user: 12
Item added to shop: Apple in shop: MyShop by user: 12
Item added to shop: Banana in shop: MyShop by user: 12
Item added to shop: Laptop in shop: MyShop by user: 12
Shop info retrieved: MyShop by user: owner6
Item quantity changed in shop: 0 in shop: MyShop by user: 12
Item quantity changed in shop: 1 in shop: MyShop by user: 12
Item quantity changed in shop: 2 in shop: MyShop by user: 12
Shop info retrieved: MyShop by user: owner6
Item quantity changed in shop: 0 in shop: MyShop by user: 12
User entered the system
Items added to cart successfully
Item removed from shop: 0 in shop: MyShop by user: 12
Error buying cart content: Payment details invalid
User entered the system
User logged in successfully
Shop created: MyShop by user: 14
Item added to shop: Apple in shop: MyShop by user: 14
Item added to shop: Banana in shop: MyShop by user: 14
Item added to shop: Laptop in shop: MyShop by user: 14
Shop info retrieved: MyShop by user: owner7
Item quantity changed in shop: 0 in shop: MyShop by user: 14
Item quantity changed in shop: 1 in shop: MyShop by user: 14
Item quantity changed in shop: 2 in shop: MyShop by user: 14
Shop info retrieved: MyShop by user: owner7
Item quantity changed in shop: 0 in shop: MyShop by user: 14
User entered the system
Items added to cart successfully
Item removed from shop: 0 in shop: MyShop by user: 14
Error buying cart content: Payment details invalid
User entered the system
User logged in successfully
Shop created: MyShop by user: 16
Item added to shop: Apple in shop: MyShop by user: 16
Item added to shop: Banana in shop: MyShop by user: 16
Item added to shop: Laptop in shop: MyShop by user: 16
Shop info retrieved: MyShop by user: owner8
Item quantity changed in shop: 0 in shop: MyShop by user: 16
Item quantity changed in shop: 1 in shop: MyShop by user: 16
Item quantity changed in shop: 2 in shop: MyShop by user: 16
Shop info retrieved: MyShop by user: owner8
Item quantity changed in shop: 0 in shop: MyShop by user: 16
User entered the system
Items added to cart successfully
Item removed from shop: 0 in shop: MyShop by user: 16
Error buying cart content: Payment details invalid
User entered the system
User logged in successfully
Shop created: MyShop by user: 18
Item added to shop: Apple in shop: MyShop by user: 18
Item added to shop: Banana in shop: MyShop by user: 18
Item added to shop: Laptop in shop: MyShop by user: 18
Shop info retrieved: MyShop by user: owner9
Item quantity changed in shop: 0 in shop: MyShop by user: 18
Item quantity changed in shop: 1 in shop: MyShop by user: 18
Item quantity changed in shop: 2 in shop: MyShop by user: 18
Shop info retrieved: MyShop by user: owner9
Item quantity changed in shop: 0 in shop: MyShop by user: 18
User entered the system
Items added to cart successfully
Item removed from shop: 0 in shop: MyShop by user: 18
Error buying cart content: Payment details invalid
]]></system-err>
  </testcase>
  <testcase name="successfulEditProduct" classname="Tests.AccepanceTests" time="0.268">
    <system-err><![CDATA[User entered the system
User logged in successfully
Shop created: MyShop by user: 0
Item added to shop: Apple in shop: MyShop by user: 0
Item added to shop: Banana in shop: MyShop by user: 0
Item added to shop: Laptop in shop: MyShop by user: 0
Shop info retrieved: MyShop by user: Owner
Item quantity changed in shop: 0 in shop: MyShop by user: 0
Item quantity changed in shop: 1 in shop: MyShop by user: 0
Item quantity changed in shop: 2 in shop: MyShop by user: 0
Shop info retrieved: MyShop by user: Owner
User entered the system
User logged in successfully
Shop manager added: mgr in shop: MyShop by user: 0
Shop manager permission added: mgr in shop: MyShop by user: 0
Item quantity changed in shop: 0 in shop: MyShop by user: 1
]]></system-err>
  </testcase>
  <testcase name="removeAllApointeesTest" classname="Tests.AccepanceTests" time="0.656">
    <system-err><![CDATA[User entered the system
User logged in successfully
Shop created: MyShop by user: 0
Item added to shop: Apple in shop: MyShop by user: 0
Item added to shop: Banana in shop: MyShop by user: 0
Item added to shop: Laptop in shop: MyShop by user: 0
Shop info retrieved: MyShop by user: Owner
Item quantity changed in shop: 0 in shop: MyShop by user: 0
Item quantity changed in shop: 1 in shop: MyShop by user: 0
Item quantity changed in shop: 2 in shop: MyShop by user: 0
Shop info retrieved: MyShop by user: Owner
User entered the system
User logged in successfully
Shop manager added: manager in shop: MyShop by user: 0
User entered the system
User logged in successfully
Shop manager added: User in shop: MyShop by user: 1
User entered the system
User logged in successfully
Shop manager added: User2 in shop: MyShop by user: 2
User entered the system
User logged in successfully
Error adding shop manager: User has no role in ShopId: 0
]]></system-err>
  </testcase>
  <testcase name="userLacksPermissionOnPurchasePolicy" classname="Tests.AccepanceTests" time="0.325">
    <system-err><![CDATA[User entered the system
User logged in successfully
Shop created: MyShop by user: 0
Item added to shop: Apple in shop: MyShop by user: 0
Item added to shop: Banana in shop: MyShop by user: 0
Item added to shop: Laptop in shop: MyShop by user: 0
Shop info retrieved: MyShop by user: Owner
Item quantity changed in shop: 0 in shop: MyShop by user: 0
Item quantity changed in shop: 1 in shop: MyShop by user: 0
Item quantity changed in shop: 2 in shop: MyShop by user: 0
Shop info retrieved: MyShop by user: Owner
User entered the system
User logged in successfully
Shop manager added: mgrNoP in shop: MyShop by user: 0
Error updating purchase type: You don't have permission to update purchase type
]]></system-err>
  </testcase>
  <testcase name="rateShopNotLoggedInTest" classname="Tests.AccepanceTests" time="0.15">
    <system-err><![CDATA[User entered the system
User logged in successfully
Shop created: MyShop by user: 0
Item added to shop: Apple in shop: MyShop by user: 0
Item added to shop: Banana in shop: MyShop by user: 0
Item added to shop: Laptop in shop: MyShop by user: 0
Shop info retrieved: MyShop by user: Owner
Item quantity changed in shop: 0 in shop: MyShop by user: 0
Item quantity changed in shop: 1 in shop: MyShop by user: 0
Item quantity changed in shop: 2 in shop: MyShop by user: 0
Shop info retrieved: MyShop by user: Owner
User entered the system
Items added to cart successfully
Purchase completed successfully for cart ID: 1
Cart contents: All items were listed successfully
Error rating shop: class main.Domain.Guest cannot be cast to class main.Domain.Registered (main.Domain.Guest and main.Domain.Registered are in unnamed module of loader 'app')
]]></system-err>
  </testcase>
  <testcase name="nameWrongUserLogin" classname="Tests.AccepanceTests" time="0.077">
    <system-err><![CDATA[User entered the system
Error logging in user: Cannot invoke "main.Domain.Registered.getPassword()" because "registered" is null
]]></system-err>
  </testcase>
  <testcase name="addItemToBasketTest" classname="Tests.AccepanceTests" time="0.145">
    <system-err><![CDATA[User entered the system
User logged in successfully
Shop created: MyShop by user: 0
Item added to shop: Apple in shop: MyShop by user: 0
Item added to shop: Banana in shop: MyShop by user: 0
Item added to shop: Laptop in shop: MyShop by user: 0
Shop info retrieved: MyShop by user: Owner
Item quantity changed in shop: 0 in shop: MyShop by user: 0
Item quantity changed in shop: 1 in shop: MyShop by user: 0
Item quantity changed in shop: 2 in shop: MyShop by user: 0
Shop info retrieved: MyShop by user: Owner
User entered the system
Items added to cart successfully
Cart contents: All items were listed successfully
]]></system-err>
  </testcase>
  <testcase name="concurrentSingleStockCartPurchaseTest" classname="Tests.AccepanceTests" time="0.392">
    <system-err><![CDATA[User entered the system
User logged in successfully
Shop created: MyShop by user: 0
Item added to shop: Apple in shop: MyShop by user: 0
Item added to shop: Banana in shop: MyShop by user: 0
Item added to shop: Laptop in shop: MyShop by user: 0
Shop info retrieved: MyShop by user: owner
Item quantity changed in shop: 0 in shop: MyShop by user: 0
Item quantity changed in shop: 1 in shop: MyShop by user: 0
Item quantity changed in shop: 2 in shop: MyShop by user: 0
Shop info retrieved: MyShop by user: owner
Item quantity changed in shop: 0 in shop: MyShop by user: 0
User entered the system
User logged in successfully
User entered the system
User logged in successfully
Items added to cart successfully
Items added to cart successfully
Purchase completed successfully for cart ID: 1
Error buying cart content: Error: cant purchase items.
Shop info retrieved: MyShop by user: owner
Cart contents: All items were listed successfully
Cart contents: All items were listed successfully
]]></system-err>
  </testcase>
  <testcase name="successfulShopClosing" classname="Tests.AccepanceTests" time="0.135">
    <system-err><![CDATA[User entered the system
User logged in successfully
Shop created: MyShop by user: 0
Item added to shop: Apple in shop: MyShop by user: 0
Item added to shop: Banana in shop: MyShop by user: 0
Item added to shop: Laptop in shop: MyShop by user: 0
Shop info retrieved: MyShop by user: Owner
Item quantity changed in shop: 0 in shop: MyShop by user: 0
Item quantity changed in shop: 1 in shop: MyShop by user: 0
Item quantity changed in shop: 2 in shop: MyShop by user: 0
Shop info retrieved: MyShop by user: Owner
Shop closed: MyShop by user: 0
]]></system-err>
  </testcase>
  <testcase name="removeNonExistentItemFromShop" classname="Tests.AccepanceTests" time="0.134">
    <system-err><![CDATA[User entered the system
User logged in successfully
Shop created: MyShop by user: 0
Item added to shop: Apple in shop: MyShop by user: 0
Item added to shop: Banana in shop: MyShop by user: 0
Item added to shop: Laptop in shop: MyShop by user: 0
Shop info retrieved: MyShop by user: Owner
Item quantity changed in shop: 0 in shop: MyShop by user: 0
Item quantity changed in shop: 1 in shop: MyShop by user: 0
Item quantity changed in shop: 2 in shop: MyShop by user: 0
Shop info retrieved: MyShop by user: Owner
Error removing item from shop: Item ID does not exist in the shop.
]]></system-err>
  </testcase>
  <testcase name="submitCounterBidTest" classname="Tests.AccepanceTests" time="0.268">
    <system-err><![CDATA[User entered the system
User logged in successfully
Shop created: MyShop by user: 0
Item added to shop: Apple in shop: MyShop by user: 0
Item added to shop: Banana in shop: MyShop by user: 0
Item added to shop: Laptop in shop: MyShop by user: 0
Shop info retrieved: MyShop by user: Owner
Item quantity changed in shop: 0 in shop: MyShop by user: 0
Item quantity changed in shop: 1 in shop: MyShop by user: 0
Item quantity changed in shop: 2 in shop: MyShop by user: 0
Shop info retrieved: MyShop by user: Owner
User entered the system
User logged in successfully
Bid offer submitted successfully for item ID: 0
Counter bid submitted: 1 in shop: MyShop by user: 0
]]></system-err>
  </testcase>
  <testcase name="removeItemFromShopAsNonOwner" classname="Tests.AccepanceTests" time="0.259">
    <system-err><![CDATA[User entered the system
User logged in successfully
Shop created: MyShop by user: 0
Item added to shop: Apple in shop: MyShop by user: 0
Item added to shop: Banana in shop: MyShop by user: 0
Item added to shop: Laptop in shop: MyShop by user: 0
Shop info retrieved: MyShop by user: Owner
Item quantity changed in shop: 0 in shop: MyShop by user: 0
Item quantity changed in shop: 1 in shop: MyShop by user: 0
Item quantity changed in shop: 2 in shop: MyShop by user: 0
Shop info retrieved: MyShop by user: Owner
User entered the system
User logged in successfully
Error removing item from shop: No role found for shop ID: 0
]]></system-err>
  </testcase>
  <testcase name="BuyCartContentTest_paymentFails" classname="Tests.AccepanceTests" time="0.27">
    <system-err><![CDATA[User entered the system
User logged in successfully
Shop created: MyShop by user: 0
Item added to shop: Apple in shop: MyShop by user: 0
Item added to shop: Banana in shop: MyShop by user: 0
Item added to shop: Laptop in shop: MyShop by user: 0
Shop info retrieved: MyShop by user: Owner
Item quantity changed in shop: 0 in shop: MyShop by user: 0
Item quantity changed in shop: 1 in shop: MyShop by user: 0
Item quantity changed in shop: 2 in shop: MyShop by user: 0
Shop info retrieved: MyShop by user: Owner
User entered the system
User logged in successfully
Items added to cart successfully
Error buying cart content: Payment details invalid
]]></system-err>
  </testcase>
  <testcase name="viewShopNotLoggedIn" classname="Tests.AccepanceTests" time="0.135">
    <system-err><![CDATA[User entered the system
User logged in successfully
Shop created: MyShop by user: 0
Item added to shop: Apple in shop: MyShop by user: 0
Item added to shop: Banana in shop: MyShop by user: 0
Item added to shop: Laptop in shop: MyShop by user: 0
Shop info retrieved: MyShop by user: Owner
Item quantity changed in shop: 0 in shop: MyShop by user: 0
Item quantity changed in shop: 1 in shop: MyShop by user: 0
Item quantity changed in shop: 2 in shop: MyShop by user: 0
Shop info retrieved: MyShop by user: Owner
Error retrieving shop info: User is not logged in
]]></system-err>
  </testcase>
  <testcase name="editItemInShop" classname="Tests.AccepanceTests" time="0.136">
    <system-err><![CDATA[User entered the system
User logged in successfully
Shop created: MyShop by user: 0
Item added to shop: Apple in shop: MyShop by user: 0
Item added to shop: Banana in shop: MyShop by user: 0
Item added to shop: Laptop in shop: MyShop by user: 0
Shop info retrieved: MyShop by user: Owner
Item quantity changed in shop: 0 in shop: MyShop by user: 0
Item quantity changed in shop: 1 in shop: MyShop by user: 0
Item quantity changed in shop: 2 in shop: MyShop by user: 0
Shop info retrieved: MyShop by user: Owner
Item description changed in shop: 0 in shop: MyShop by user: 0
]]></system-err>
  </testcase>
  <testcase name="closingClosedShop" classname="Tests.AccepanceTests" time="0.131">
    <system-err><![CDATA[User entered the system
User logged in successfully
Shop created: MyShop by user: 0
Item added to shop: Apple in shop: MyShop by user: 0
Item added to shop: Banana in shop: MyShop by user: 0
Item added to shop: Laptop in shop: MyShop by user: 0
Shop info retrieved: MyShop by user: Owner
Item quantity changed in shop: 0 in shop: MyShop by user: 0
Item quantity changed in shop: 1 in shop: MyShop by user: 0
Item quantity changed in shop: 2 in shop: MyShop by user: 0
Shop info retrieved: MyShop by user: Owner
Shop closed: MyShop by user: 0
Error closing shop: Shop is already closed.
]]></system-err>
  </testcase>
  <testcase name="emptySearchResults" classname="Tests.AccepanceTests" time="0.141">
    <system-err><![CDATA[User entered the system
User logged in successfully
Shop created: MyShop by user: 0
Item added to shop: Apple in shop: MyShop by user: 0
Item added to shop: Banana in shop: MyShop by user: 0
Item added to shop: Laptop in shop: MyShop by user: 0
Shop info retrieved: MyShop by user: Owner
Item quantity changed in shop: 0 in shop: MyShop by user: 0
Item quantity changed in shop: 1 in shop: MyShop by user: 0
Item quantity changed in shop: 2 in shop: MyShop by user: 0
Shop info retrieved: MyShop by user: Owner
User entered the system
]]></system-err>
  </testcase>
  <testcase name="concurrentManagerAppointment" classname="Tests.AccepanceTests" time="1.99">
    <system-err><![CDATA[User entered the system
User logged in successfully
Shop created: MyShop by user: 0
Item added to shop: Apple in shop: MyShop by user: 0
Item added to shop: Banana in shop: MyShop by user: 0
Item added to shop: Laptop in shop: MyShop by user: 0
Shop info retrieved: MyShop by user: owner0
Item quantity changed in shop: 0 in shop: MyShop by user: 0
Item quantity changed in shop: 1 in shop: MyShop by user: 0
Item quantity changed in shop: 2 in shop: MyShop by user: 0
Shop info retrieved: MyShop by user: owner0
User entered the system
Shop manager added: candidate0 in shop: MyShop by user: 0
Error adding shop manager: User is already a manager of the shop
User entered the system
User logged in successfully
Shop created: MyShop by user: 2
Item added to shop: Apple in shop: MyShop by user: 2
Item added to shop: Banana in shop: MyShop by user: 2
Item added to shop: Laptop in shop: MyShop by user: 2
Shop info retrieved: MyShop by user: owner1
Item quantity changed in shop: 0 in shop: MyShop by user: 2
Item quantity changed in shop: 1 in shop: MyShop by user: 2
Item quantity changed in shop: 2 in shop: MyShop by user: 2
Shop info retrieved: MyShop by user: owner1
User entered the system
Shop manager added: candidate1 in shop: MyShop by user: 2
Error adding shop manager: User is already a manager of the shop
User entered the system
User logged in successfully
Shop created: MyShop by user: 4
Item added to shop: Apple in shop: MyShop by user: 4
Item added to shop: Banana in shop: MyShop by user: 4
Item added to shop: Laptop in shop: MyShop by user: 4
Shop info retrieved: MyShop by user: owner2
Item quantity changed in shop: 0 in shop: MyShop by user: 4
Item quantity changed in shop: 1 in shop: MyShop by user: 4
Item quantity changed in shop: 2 in shop: MyShop by user: 4
Shop info retrieved: MyShop by user: owner2
User entered the system
Shop manager added: candidate2 in shop: MyShop by user: 4
Error adding shop manager: User is already a manager of the shop
User entered the system
User logged in successfully
Shop created: MyShop by user: 6
Item added to shop: Apple in shop: MyShop by user: 6
Item added to shop: Banana in shop: MyShop by user: 6
Item added to shop: Laptop in shop: MyShop by user: 6
Shop info retrieved: MyShop by user: owner3
Item quantity changed in shop: 0 in shop: MyShop by user: 6
Item quantity changed in shop: 1 in shop: MyShop by user: 6
Item quantity changed in shop: 2 in shop: MyShop by user: 6
Shop info retrieved: MyShop by user: owner3
User entered the system
Shop manager added: candidate3 in shop: MyShop by user: 6
Error adding shop manager: User is already a manager of the shop
User entered the system
User logged in successfully
Shop created: MyShop by user: 8
Item added to shop: Apple in shop: MyShop by user: 8
Item added to shop: Banana in shop: MyShop by user: 8
Item added to shop: Laptop in shop: MyShop by user: 8
Shop info retrieved: MyShop by user: owner4
Item quantity changed in shop: 0 in shop: MyShop by user: 8
Item quantity changed in shop: 1 in shop: MyShop by user: 8
Item quantity changed in shop: 2 in shop: MyShop by user: 8
Shop info retrieved: MyShop by user: owner4
User entered the system
Shop manager added: candidate4 in shop: MyShop by user: 8
Error adding shop manager: User is already a manager of the shop
User entered the system
User logged in successfully
Shop created: MyShop by user: 10
Item added to shop: Apple in shop: MyShop by user: 10
Item added to shop: Banana in shop: MyShop by user: 10
Item added to shop: Laptop in shop: MyShop by user: 10
Shop info retrieved: MyShop by user: owner5
Item quantity changed in shop: 0 in shop: MyShop by user: 10
Item quantity changed in shop: 1 in shop: MyShop by user: 10
Item quantity changed in shop: 2 in shop: MyShop by user: 10
Shop info retrieved: MyShop by user: owner5
User entered the system
Shop manager added: candidate5 in shop: MyShop by user: 10
Error adding shop manager: User is already a manager of the shop
User entered the system
User logged in successfully
Shop created: MyShop by user: 12
Item added to shop: Apple in shop: MyShop by user: 12
Item added to shop: Banana in shop: MyShop by user: 12
Item added to shop: Laptop in shop: MyShop by user: 12
Shop info retrieved: MyShop by user: owner6
Item quantity changed in shop: 0 in shop: MyShop by user: 12
Item quantity changed in shop: 1 in shop: MyShop by user: 12
Item quantity changed in shop: 2 in shop: MyShop by user: 12
Shop info retrieved: MyShop by user: owner6
User entered the system
Shop manager added: candidate6 in shop: MyShop by user: 12
Error adding shop manager: User is already a manager of the shop
User entered the system
User logged in successfully
Shop created: MyShop by user: 14
Item added to shop: Apple in shop: MyShop by user: 14
Item added to shop: Banana in shop: MyShop by user: 14
Item added to shop: Laptop in shop: MyShop by user: 14
Shop info retrieved: MyShop by user: owner7
Item quantity changed in shop: 0 in shop: MyShop by user: 14
Item quantity changed in shop: 1 in shop: MyShop by user: 14
Item quantity changed in shop: 2 in shop: MyShop by user: 14
Shop info retrieved: MyShop by user: owner7
User entered the system
Shop manager added: candidate7 in shop: MyShop by user: 14
Error adding shop manager: User is already a manager of the shop
User entered the system
User logged in successfully
Shop created: MyShop by user: 16
Item added to shop: Apple in shop: MyShop by user: 16
Item added to shop: Banana in shop: MyShop by user: 16
Item added to shop: Laptop in shop: MyShop by user: 16
Shop info retrieved: MyShop by user: owner8
Item quantity changed in shop: 0 in shop: MyShop by user: 16
Item quantity changed in shop: 1 in shop: MyShop by user: 16
Item quantity changed in shop: 2 in shop: MyShop by user: 16
Shop info retrieved: MyShop by user: owner8
User entered the system
Shop manager added: candidate8 in shop: MyShop by user: 16
Error adding shop manager: User is already a manager of the shop
User entered the system
User logged in successfully
Shop created: MyShop by user: 18
Item added to shop: Apple in shop: MyShop by user: 18
Item added to shop: Banana in shop: MyShop by user: 18
Item added to shop: Laptop in shop: MyShop by user: 18
Shop info retrieved: MyShop by user: owner9
Item quantity changed in shop: 0 in shop: MyShop by user: 18
Item quantity changed in shop: 1 in shop: MyShop by user: 18
Item quantity changed in shop: 2 in shop: MyShop by user: 18
Shop info retrieved: MyShop by user: owner9
User entered the system
Shop manager added: candidate9 in shop: MyShop by user: 18
Error adding shop manager: User is already a manager of the shop
]]></system-err>
  </testcase>
  <testcase name="BuyCartContentTest_shipmentFails" classname="Tests.AccepanceTests" time="0.27">
    <system-err><![CDATA[User entered the system
User logged in successfully
Shop created: MyShop by user: 0
Item added to shop: Apple in shop: MyShop by user: 0
Item added to shop: Banana in shop: MyShop by user: 0
Item added to shop: Laptop in shop: MyShop by user: 0
Shop info retrieved: MyShop by user: Owner
Item quantity changed in shop: 0 in shop: MyShop by user: 0
Item quantity changed in shop: 1 in shop: MyShop by user: 0
Item quantity changed in shop: 2 in shop: MyShop by user: 0
Shop info retrieved: MyShop by user: Owner
User entered the system
User logged in successfully
Items added to cart successfully
Error buying cart content: Shipment details invalid
]]></system-err>
  </testcase>
  <testcase name="getShopsAndItems" classname="Tests.AccepanceTests" time="0.133">
    <system-err><![CDATA[User entered the system
User logged in successfully
Shop created: MyShop by user: 0
Item added to shop: Apple in shop: MyShop by user: 0
Item added to shop: Banana in shop: MyShop by user: 0
Item added to shop: Laptop in shop: MyShop by user: 0
Shop info retrieved: MyShop by user: Owner
Item quantity changed in shop: 0 in shop: MyShop by user: 0
Item quantity changed in shop: 1 in shop: MyShop by user: 0
Item quantity changed in shop: 2 in shop: MyShop by user: 0
Shop info retrieved: MyShop by user: Owner
]]></system-err>
  </testcase>
  <testcase name="setManagerPermissionsTest" classname="Tests.AccepanceTests" time="0.264">
    <system-err><![CDATA[User entered the system
User logged in successfully
Shop created: MyShop by user: 0
Item added to shop: Apple in shop: MyShop by user: 0
Item added to shop: Banana in shop: MyShop by user: 0
Item added to shop: Laptop in shop: MyShop by user: 0
Shop info retrieved: MyShop by user: Owner
Item quantity changed in shop: 0 in shop: MyShop by user: 0
Item quantity changed in shop: 1 in shop: MyShop by user: 0
Item quantity changed in shop: 2 in shop: MyShop by user: 0
Shop info retrieved: MyShop by user: Owner
User entered the system
User logged in successfully
Shop manager added: manager in shop: MyShop by user: 0
Members permissions retrieved in shop: MyShop by user: 0
Shop manager permission added: manager in shop: MyShop by user: 0
Members permissions retrieved in shop: MyShop by user: 0
]]></system-err>
  </testcase>
  <testcase name="sendMessageToShopTest" classname="Tests.AccepanceTests" time="0.263">
    <system-err><![CDATA[User entered the system
User logged in successfully
Shop created: MyShop by user: 0
Item added to shop: Apple in shop: MyShop by user: 0
Item added to shop: Banana in shop: MyShop by user: 0
Item added to shop: Laptop in shop: MyShop by user: 0
Shop info retrieved: MyShop by user: Owner
Item quantity changed in shop: 0 in shop: MyShop by user: 0
Item quantity changed in shop: 1 in shop: MyShop by user: 0
Item quantity changed in shop: 2 in shop: MyShop by user: 0
Shop info retrieved: MyShop by user: Owner
User entered the system
User logged in successfully
Message sent: 1 in shop: MyShop by user: eyJhbGciOiJIUzI1NiJ9.eyJzdWIiOiIxIiwiZXhwIjoxNzQ2NTQ1NDY4LCJpYXQiOjE3NDY0NTkwNjh9.M9O_PSxqAOqX48Ku1httBx6oKuEH8pPeRYVjDGpyMQw
]]></system-err>
  </testcase>
  <testcase name="submitBidOfferTest" classname="Tests.AccepanceTests" time="0.267">
    <system-err><![CDATA[User entered the system
User logged in successfully
Shop created: MyShop by user: 0
Item added to shop: Apple in shop: MyShop by user: 0
Item added to shop: Banana in shop: MyShop by user: 0
Item added to shop: Laptop in shop: MyShop by user: 0
Shop info retrieved: MyShop by user: Owner
Item quantity changed in shop: 0 in shop: MyShop by user: 0
Item quantity changed in shop: 1 in shop: MyShop by user: 0
Item quantity changed in shop: 2 in shop: MyShop by user: 0
Shop info retrieved: MyShop by user: Owner
User entered the system
User logged in successfully
Bid offer submitted successfully for item ID: 0
]]></system-err>
  </testcase>
  <testcase name="itemUnavailableForPurchaseTest" classname="Tests.AccepanceTests" time="0.263">
    <system-err><![CDATA[User entered the system
User logged in successfully
Shop created: MyShop by user: 0
Item added to shop: Apple in shop: MyShop by user: 0
Item added to shop: Banana in shop: MyShop by user: 0
Item added to shop: Laptop in shop: MyShop by user: 0
Shop info retrieved: MyShop by user: Owner
Item quantity changed in shop: 0 in shop: MyShop by user: 0
Item quantity changed in shop: 1 in shop: MyShop by user: 0
Item quantity changed in shop: 2 in shop: MyShop by user: 0
Shop info retrieved: MyShop by user: Owner
Item quantity changed in shop: 0 in shop: MyShop by user: 0
Shop info retrieved: MyShop by user: Owner
User entered the system
User logged in successfully
Error adding items to cart: Quantity exceeds available stock.
Error buying cart content: Error: no shops to purchase from.
Cart contents: All items were listed successfully
Shop info retrieved: MyShop by user: Owner
]]></system-err>
  </testcase>
  <testcase name="changeCartContentTest" classname="Tests.AccepanceTests" time="0.13">
    <system-err><![CDATA[User entered the system
User logged in successfully
Shop created: MyShop by user: 0
Item added to shop: Apple in shop: MyShop by user: 0
Item added to shop: Banana in shop: MyShop by user: 0
Item added to shop: Laptop in shop: MyShop by user: 0
Shop info retrieved: MyShop by user: Owner
Item quantity changed in shop: 0 in shop: MyShop by user: 0
Item quantity changed in shop: 1 in shop: MyShop by user: 0
Item quantity changed in shop: 2 in shop: MyShop by user: 0
Shop info retrieved: MyShop by user: Owner
User entered the system
Items added to cart successfully
Cart contents: All items were listed successfully
Items removed from cart successfully
Cart contents: All items were listed successfully
]]></system-err>
  </testcase>
  <testcase name="editItemInShopAsNonOwner" classname="Tests.AccepanceTests" time="0.26">
    <system-err><![CDATA[User entered the system
User logged in successfully
Shop created: MyShop by user: 0
Item added to shop: Apple in shop: MyShop by user: 0
Item added to shop: Banana in shop: MyShop by user: 0
Item added to shop: Laptop in shop: MyShop by user: 0
Shop info retrieved: MyShop by user: Owner
Item quantity changed in shop: 0 in shop: MyShop by user: 0
Item quantity changed in shop: 1 in shop: MyShop by user: 0
Item quantity changed in shop: 2 in shop: MyShop by user: 0
Shop info retrieved: MyShop by user: Owner
User entered the system
User logged in successfully
Error changing item description in shop: No role found for shop ID: 0
]]></system-err>
  </testcase>
  <testcase name="answerBidAndPurchaseBidItemTest" classname="Tests.AccepanceTests" time="0.275">
    <system-err><![CDATA[User entered the system
User logged in successfully
Shop created: MyShop by user: 0
Item added to shop: Apple in shop: MyShop by user: 0
Item added to shop: Banana in shop: MyShop by user: 0
Item added to shop: Laptop in shop: MyShop by user: 0
Shop info retrieved: MyShop by user: Owner
Item quantity changed in shop: 0 in shop: MyShop by user: 0
Item quantity changed in shop: 1 in shop: MyShop by user: 0
Item quantity changed in shop: 2 in shop: MyShop by user: 0
Shop info retrieved: MyShop by user: Owner
User entered the system
User logged in successfully
Bid offer submitted successfully for item ID: 0
Bid answered: 1 in shop: MyShop by user: 0
Bid item purchased successfully for bid ID: 1
Personal search history viewed successfully for user ID: 1
]]></system-err>
  </testcase>
  <testcase name="editProductUserLacksPermission" classname="Tests.AccepanceTests" time="0.258">
    <system-err><![CDATA[User entered the system
User logged in successfully
Shop created: MyShop by user: 0
Item added to shop: Apple in shop: MyShop by user: 0
Item added to shop: Banana in shop: MyShop by user: 0
Item added to shop: Laptop in shop: MyShop by user: 0
Shop info retrieved: MyShop by user: Owner
Item quantity changed in shop: 0 in shop: MyShop by user: 0
Item quantity changed in shop: 1 in shop: MyShop by user: 0
Item quantity changed in shop: 2 in shop: MyShop by user: 0
Shop info retrieved: MyShop by user: Owner
User entered the system
User logged in successfully
Shop manager added: mgrNoInv in shop: MyShop by user: 0
Error changing item quantity in shop: You don't have permission to update item quantity
]]></system-err>
  </testcase>
  <testcase name="rateShopTest" classname="Tests.AccepanceTests" time="0.263">
    <system-err><![CDATA[User entered the system
User logged in successfully
Shop created: MyShop by user: 0
Item added to shop: Apple in shop: MyShop by user: 0
Item added to shop: Banana in shop: MyShop by user: 0
Item added to shop: Laptop in shop: MyShop by user: 0
Shop info retrieved: MyShop by user: Owner
Item quantity changed in shop: 0 in shop: MyShop by user: 0
Item quantity changed in shop: 1 in shop: MyShop by user: 0
Item quantity changed in shop: 2 in shop: MyShop by user: 0
Shop info retrieved: MyShop by user: Owner
User entered the system
User logged in successfully
Items added to cart successfully
Purchase completed successfully for cart ID: 1
Cart contents: All items were listed successfully
Shop rated: MyShop by user: 1
Shop info retrieved: MyShop by user: buyer
]]></system-err>
  </testcase>
  <testcase name="invalidPurchasePolicyFormat" classname="Tests.AccepanceTests" time="0.259">
    <system-err><![CDATA[User entered the system
User logged in successfully
Shop created: MyShop by user: 0
Item added to shop: Apple in shop: MyShop by user: 0
Item added to shop: Banana in shop: MyShop by user: 0
Item added to shop: Laptop in shop: MyShop by user: 0
Shop info retrieved: MyShop by user: Owner
Item quantity changed in shop: 0 in shop: MyShop by user: 0
Item quantity changed in shop: 1 in shop: MyShop by user: 0
Item quantity changed in shop: 2 in shop: MyShop by user: 0
Shop info retrieved: MyShop by user: Owner
User entered the system
User logged in successfully
Shop manager added: mgrBadP in shop: MyShop by user: 0
Error updating purchase type: not valid purchase Type
]]></system-err>
  </testcase>
  <testcase name="concurrentPurchaseSameItem" classname="Tests.AccepanceTests" time="1.368">
    <system-err><![CDATA[User entered the system
User logged in successfully
Shop created: MyShop by user: 0
Item added to shop: Apple in shop: MyShop by user: 0
Item added to shop: Banana in shop: MyShop by user: 0
Item added to shop: Laptop in shop: MyShop by user: 0
Shop info retrieved: MyShop by user: owner0
Item quantity changed in shop: 0 in shop: MyShop by user: 0
Item quantity changed in shop: 1 in shop: MyShop by user: 0
Item quantity changed in shop: 2 in shop: MyShop by user: 0
Shop info retrieved: MyShop by user: owner0
Item quantity changed in shop: 0 in shop: MyShop by user: 0
User entered the system
User entered the system
Items added to cart successfully
Items added to cart successfully
Purchase completed successfully for cart ID: 1
Error buying cart content: Error: cant purchase items.
User entered the system
User logged in successfully
Shop created: MyShop by user: 3
Item added to shop: Apple in shop: MyShop by user: 3
Item added to shop: Banana in shop: MyShop by user: 3
Item added to shop: Laptop in shop: MyShop by user: 3
Shop info retrieved: MyShop by user: owner1
Item quantity changed in shop: 0 in shop: MyShop by user: 3
Item quantity changed in shop: 1 in shop: MyShop by user: 3
Item quantity changed in shop: 2 in shop: MyShop by user: 3
Shop info retrieved: MyShop by user: owner1
Item quantity changed in shop: 0 in shop: MyShop by user: 3
User entered the system
User entered the system
Items added to cart successfully
Items added to cart successfully
Purchase completed successfully for cart ID: 4
Error buying cart content: Error: cant purchase items.
User entered the system
User logged in successfully
Shop created: MyShop by user: 6
Item added to shop: Apple in shop: MyShop by user: 6
Item added to shop: Banana in shop: MyShop by user: 6
Item added to shop: Laptop in shop: MyShop by user: 6
Shop info retrieved: MyShop by user: owner2
Item quantity changed in shop: 0 in shop: MyShop by user: 6
Item quantity changed in shop: 1 in shop: MyShop by user: 6
Item quantity changed in shop: 2 in shop: MyShop by user: 6
Shop info retrieved: MyShop by user: owner2
Item quantity changed in shop: 0 in shop: MyShop by user: 6
User entered the system
User entered the system
Items added to cart successfully
Items added to cart successfully
Purchase completed successfully for cart ID: 7
Error buying cart content: Error: cant purchase items.
User entered the system
User logged in successfully
Shop created: MyShop by user: 9
Item added to shop: Apple in shop: MyShop by user: 9
Item added to shop: Banana in shop: MyShop by user: 9
Item added to shop: Laptop in shop: MyShop by user: 9
Shop info retrieved: MyShop by user: owner3
Item quantity changed in shop: 0 in shop: MyShop by user: 9
Item quantity changed in shop: 1 in shop: MyShop by user: 9
Item quantity changed in shop: 2 in shop: MyShop by user: 9
Shop info retrieved: MyShop by user: owner3
Item quantity changed in shop: 0 in shop: MyShop by user: 9
User entered the system
User entered the system
Items added to cart successfully
Items added to cart successfully
Purchase completed successfully for cart ID: 10
Error buying cart content: Error: cant purchase items.
User entered the system
User logged in successfully
Shop created: MyShop by user: 12
Item added to shop: Apple in shop: MyShop by user: 12
Item added to shop: Banana in shop: MyShop by user: 12
Item added to shop: Laptop in shop: MyShop by user: 12
Shop info retrieved: MyShop by user: owner4
Item quantity changed in shop: 0 in shop: MyShop by user: 12
Item quantity changed in shop: 1 in shop: MyShop by user: 12
Item quantity changed in shop: 2 in shop: MyShop by user: 12
Shop info retrieved: MyShop by user: owner4
Item quantity changed in shop: 0 in shop: MyShop by user: 12
User entered the system
User entered the system
Items added to cart successfully
Items added to cart successfully
Purchase completed successfully for cart ID: 13
Error buying cart content: Error: cant purchase items.
User entered the system
User logged in successfully
Shop created: MyShop by user: 15
Item added to shop: Apple in shop: MyShop by user: 15
Item added to shop: Banana in shop: MyShop by user: 15
Item added to shop: Laptop in shop: MyShop by user: 15
Shop info retrieved: MyShop by user: owner5
Item quantity changed in shop: 0 in shop: MyShop by user: 15
Item quantity changed in shop: 1 in shop: MyShop by user: 15
Item quantity changed in shop: 2 in shop: MyShop by user: 15
Shop info retrieved: MyShop by user: owner5
Item quantity changed in shop: 0 in shop: MyShop by user: 15
User entered the system
User entered the system
Items added to cart successfully
Items added to cart successfully
Purchase completed successfully for cart ID: 16
Error buying cart content: Error: cant purchase items.
User entered the system
User logged in successfully
Shop created: MyShop by user: 18
Item added to shop: Apple in shop: MyShop by user: 18
Item added to shop: Banana in shop: MyShop by user: 18
Item added to shop: Laptop in shop: MyShop by user: 18
Shop info retrieved: MyShop by user: owner6
Item quantity changed in shop: 0 in shop: MyShop by user: 18
Item quantity changed in shop: 1 in shop: MyShop by user: 18
Item quantity changed in shop: 2 in shop: MyShop by user: 18
Shop info retrieved: MyShop by user: owner6
Item quantity changed in shop: 0 in shop: MyShop by user: 18
User entered the system
User entered the system
Items added to cart successfully
Items added to cart successfully
Purchase completed successfully for cart ID: 19
Error buying cart content: Error: cant purchase items.
User entered the system
User logged in successfully
Shop created: MyShop by user: 21
Item added to shop: Apple in shop: MyShop by user: 21
Item added to shop: Banana in shop: MyShop by user: 21
Item added to shop: Laptop in shop: MyShop by user: 21
Shop info retrieved: MyShop by user: owner7
Item quantity changed in shop: 0 in shop: MyShop by user: 21
Item quantity changed in shop: 1 in shop: MyShop by user: 21
Item quantity changed in shop: 2 in shop: MyShop by user: 21
Shop info retrieved: MyShop by user: owner7
Item quantity changed in shop: 0 in shop: MyShop by user: 21
User entered the system
User entered the system
Items added to cart successfully
Items added to cart successfully
Purchase completed successfully for cart ID: 22
Error buying cart content: Error: cant purchase items.
User entered the system
User logged in successfully
Shop created: MyShop by user: 24
Item added to shop: Apple in shop: MyShop by user: 24
Item added to shop: Banana in shop: MyShop by user: 24
Item added to shop: Laptop in shop: MyShop by user: 24
Shop info retrieved: MyShop by user: owner8
Item quantity changed in shop: 0 in shop: MyShop by user: 24
Item quantity changed in shop: 1 in shop: MyShop by user: 24
Item quantity changed in shop: 2 in shop: MyShop by user: 24
Shop info retrieved: MyShop by user: owner8
Item quantity changed in shop: 0 in shop: MyShop by user: 24
User entered the system
User entered the system
Items added to cart successfully
Items added to cart successfully
Purchase completed successfully for cart ID: 25
Error buying cart content: Error: cant purchase items.
User entered the system
User logged in successfully
Shop created: MyShop by user: 27
Item added to shop: Apple in shop: MyShop by user: 27
Item added to shop: Banana in shop: MyShop by user: 27
Item added to shop: Laptop in shop: MyShop by user: 27
Shop info retrieved: MyShop by user: owner9
Item quantity changed in shop: 0 in shop: MyShop by user: 27
Item quantity changed in shop: 1 in shop: MyShop by user: 27
Item quantity changed in shop: 2 in shop: MyShop by user: 27
Shop info retrieved: MyShop by user: owner9
Item quantity changed in shop: 0 in shop: MyShop by user: 27
User entered the system
User entered the system
Items added to cart successfully
Items added to cart successfully
Purchase completed successfully for cart ID: 28
Error buying cart content: Error: cant purchase items.
]]></system-err>
  </testcase>
  <testcase name="invalidShopCreationTest" classname="Tests.AccepanceTests" time="0.002">
    <system-err><![CDATA[User entered the system
Error creating shop: class main.Domain.Guest cannot be cast to class main.Domain.Registered (main.Domain.Guest and main.Domain.Registered are in unnamed module of loader 'app')
]]></system-err>
  </testcase>
  <testcase name="addDuplicateItemToShop" classname="Tests.AccepanceTests" time="0.129">
    <system-err><![CDATA[User entered the system
User logged in successfully
Shop created: MyShop by user: 0
Item added to shop: Apple in shop: MyShop by user: 0
Item added to shop: Banana in shop: MyShop by user: 0
Item added to shop: Laptop in shop: MyShop by user: 0
Shop info retrieved: MyShop by user: Owner
Item quantity changed in shop: 0 in shop: MyShop by user: 0
Item quantity changed in shop: 1 in shop: MyShop by user: 0
Item quantity changed in shop: 2 in shop: MyShop by user: 0
Shop info retrieved: MyShop by user: Owner
Error adding item to shop: Item name already exists or price cannot be negative.
]]></system-err>
  </testcase>
  <testcase name="searchItemsWithFilters" classname="Tests.AccepanceTests" time="0.171">
    <system-err><![CDATA[User entered the system
User logged in successfully
Shop created: MyShop by user: 0
Item added to shop: Apple in shop: MyShop by user: 0
Item added to shop: Banana in shop: MyShop by user: 0
Item added to shop: Laptop in shop: MyShop by user: 0
]]></system-err>
  </testcase>
  <testcase name="passwordWrongUserLogin" classname="Tests.AccepanceTests" time="0.132">
    <system-err><![CDATA[User entered the system
Error logging in user: Username and password do not match
]]></system-err>
  </testcase>
  <testcase name="shopNotFound" classname="Tests.AccepanceTests" time="0.002">
    <system-err><![CDATA[User entered the system
Error filtering items in shop: Shop with ID 9999 does not exist.
]]></system-err>
  </testcase>
  <testcase name="successfulGuestExit" classname="Tests.AccepanceTests" time="0.002">
    <system-err><![CDATA[User entered the system
Cart contents: All items were listed successfully
Cart contents: All items were listed successfully
User exited the system
Error viewing cart: User not found
]]></system-err>
  </testcase>
  <testcase name="invalidEditItemInShop" classname="Tests.AccepanceTests" time="0.132">
    <system-err><![CDATA[User entered the system
User logged in successfully
Shop created: MyShop by user: 0
Item added to shop: Apple in shop: MyShop by user: 0
Item added to shop: Banana in shop: MyShop by user: 0
Item added to shop: Laptop in shop: MyShop by user: 0
Shop info retrieved: MyShop by user: Owner
Item quantity changed in shop: 0 in shop: MyShop by user: 0
Item quantity changed in shop: 1 in shop: MyShop by user: 0
Item quantity changed in shop: 2 in shop: MyShop by user: 0
Shop info retrieved: MyShop by user: Owner
Error changing item price in shop: item price cannot be negative
]]></system-err>
  </testcase>
  <testcase name="appointTwiceFail" classname="Tests.AccepanceTests" time="0.388">
    <system-err><![CDATA[User entered the system
User logged in successfully
Shop created: MyShop by user: 0
Item added to shop: Apple in shop: MyShop by user: 0
Item added to shop: Banana in shop: MyShop by user: 0
Item added to shop: Laptop in shop: MyShop by user: 0
Shop info retrieved: MyShop by user: Owner
Item quantity changed in shop: 0 in shop: MyShop by user: 0
Item quantity changed in shop: 1 in shop: MyShop by user: 0
Item quantity changed in shop: 2 in shop: MyShop by user: 0
Shop info retrieved: MyShop by user: Owner
User entered the system
User logged in successfully
Shop manager added: Manager in shop: MyShop by user: 0
User entered the system
User logged in successfully
Shop manager added: Manager2 in shop: MyShop by user: 0
Error adding shop manager: User is already a manager of the shop
]]></system-err>
  </testcase>
  <testcase name="addShopManagerTest" classname="Tests.AccepanceTests" time="0.259">
    <system-err><![CDATA[User entered the system
User logged in successfully
Shop created: MyShop by user: 0
Item added to shop: Apple in shop: MyShop by user: 0
Item added to shop: Banana in shop: MyShop by user: 0
Item added to shop: Laptop in shop: MyShop by user: 0
Shop info retrieved: MyShop by user: Owner1
Item quantity changed in shop: 0 in shop: MyShop by user: 0
Item quantity changed in shop: 1 in shop: MyShop by user: 0
Item quantity changed in shop: 2 in shop: MyShop by user: 0
Shop info retrieved: MyShop by user: Owner1
User entered the system
User logged in successfully
Shop manager added: manager in shop: MyShop by user: 0
Members permissions retrieved in shop: MyShop by user: 0
]]></system-err>
  </testcase>
  <testcase name="concurrentRegisterSameUsername2" classname="Tests.AccepanceTests" time="2.599">
    <system-err><![CDATA[User entered the system
User logged in successfully
User entered the system
User entered the system
Error registering user: Username already exists
User entered the system
User logged in successfully
User entered the system
User entered the system
Error registering user: Username already exists
User entered the system
User logged in successfully
User entered the system
User entered the system
Error registering user: Username already exists
User entered the system
User logged in successfully
User entered the system
User entered the system
Error registering user: Username already exists
User entered the system
User logged in successfully
User entered the system
User entered the system
Error registering user: Username already exists
User entered the system
User logged in successfully
User entered the system
User entered the system
Error registering user: Username already exists
User entered the system
User logged in successfully
User entered the system
User entered the system
Error registering user: Username already exists
User entered the system
User logged in successfully
User entered the system
User entered the system
Error registering user: Username already exists
User entered the system
User logged in successfully
User entered the system
User entered the system
Error registering user: Username already exists
User entered the system
User logged in successfully
User entered the system
User entered the system
Error registering user: Username already exists
]]></system-err>
  </testcase>
  <testcase name="searchItemsWithoutFilters" classname="Tests.AccepanceTests" time="0.131">
    <system-err><![CDATA[User entered the system
User logged in successfully
Shop created: MyShop by user: 0
Item added to shop: Apple in shop: MyShop by user: 0
Item added to shop: Banana in shop: MyShop by user: 0
Item added to shop: Laptop in shop: MyShop by user: 0
Shop info retrieved: MyShop by user: Owner
Item quantity changed in shop: 0 in shop: MyShop by user: 0
Item quantity changed in shop: 1 in shop: MyShop by user: 0
Item quantity changed in shop: 2 in shop: MyShop by user: 0
Shop info retrieved: MyShop by user: Owner
User entered the system
]]></system-err>
  </testcase>
  <testcase name="userRegisterUnauthorized" classname="Tests.AccepanceTests" time="0.136">
    <system-err><![CDATA[User entered the system
User logged in successfully
Error registering user: Unauthorized register attempt for ID=0
Cart contents: All items were listed successfully
Error logging in user: Cannot invoke "main.Domain.Registered.getPassword()" because "registered" is null
]]></system-err>
  </testcase>
  <testcase name="checkCartContentTest" classname="Tests.AccepanceTests" time="0.132">
    <system-err><![CDATA[User entered the system
User logged in successfully
Shop created: MyShop by user: 0
Item added to shop: Apple in shop: MyShop by user: 0
Item added to shop: Banana in shop: MyShop by user: 0
Item added to shop: Laptop in shop: MyShop by user: 0
Shop info retrieved: MyShop by user: Owner
Item quantity changed in shop: 0 in shop: MyShop by user: 0
Item quantity changed in shop: 1 in shop: MyShop by user: 0
Item quantity changed in shop: 2 in shop: MyShop by user: 0
Shop info retrieved: MyShop by user: Owner
User entered the system
Items added to cart successfully
Cart contents: All items were listed successfully
]]></system-err>
  </testcase>
  <testcase name="addItemToShopAsNonOwner" classname="Tests.AccepanceTests" time="0.261">
    <system-err><![CDATA[User entered the system
User logged in successfully
Shop created: MyShop by user: 0
Item added to shop: Apple in shop: MyShop by user: 0
Item added to shop: Banana in shop: MyShop by user: 0
Item added to shop: Laptop in shop: MyShop by user: 0
Shop info retrieved: MyShop by user: Owner
Item quantity changed in shop: 0 in shop: MyShop by user: 0
Item quantity changed in shop: 1 in shop: MyShop by user: 0
Item quantity changed in shop: 2 in shop: MyShop by user: 0
Shop info retrieved: MyShop by user: Owner
User entered the system
User logged in successfully
Error adding item to shop: No role found for shop ID: 0
]]></system-err>
  </testcase>
  <testcase name="successfulBuyCartContentTest" classname="Tests.AccepanceTests" time="0.277">
    <system-err><![CDATA[User entered the system
User logged in successfully
Shop created: MyShop by user: 0
Item added to shop: Apple in shop: MyShop by user: 0
Item added to shop: Banana in shop: MyShop by user: 0
Item added to shop: Laptop in shop: MyShop by user: 0
Shop info retrieved: MyShop by user: Owner
Item quantity changed in shop: 0 in shop: MyShop by user: 0
Item quantity changed in shop: 1 in shop: MyShop by user: 0
Item quantity changed in shop: 2 in shop: MyShop by user: 0
Shop info retrieved: MyShop by user: Owner
User entered the system
User logged in successfully
Items added to cart successfully
Purchase completed successfully for cart ID: 1
Cart contents: All items were listed successfully
Shop info retrieved: MyShop by user: Owner
Personal search history viewed successfully for user ID: 1
]]></system-err>
  </testcase>
  <testcase name="LogoutTest" classname="Tests.AccepanceTests" time="0.128">
    <system-err><![CDATA[User entered the system
User logged in successfully
User entered the system
User exited the system
]]></system-err>
  </testcase>
  <testcase name="successfulGuestRegister" classname="Tests.AccepanceTests" time="0.129">
    <system-err><![CDATA[User entered the system
User logged in successfully
Cart contents: All items were listed successfully
]]></system-err>
  </testcase>
  <testcase name="editProductNotLoggedIn" classname="Tests.AccepanceTests" time="0.003">
    <system-err><![CDATA[Error changing item quantity in shop: Invalid compact JWT string: Compact JWSs must contain exactly 2 period characters, and compact JWEs must contain exactly 4.  Found: 0
]]></system-err>
  </testcase>
  <testcase name="successfulViewShopContent" classname="Tests.AccepanceTests" time="0.257">
    <system-err><![CDATA[User entered the system
User logged in successfully
Shop created: MyShop by user: 0
Item added to shop: Apple in shop: MyShop by user: 0
Item added to shop: Banana in shop: MyShop by user: 0
Item added to shop: Laptop in shop: MyShop by user: 0
Shop info retrieved: MyShop by user: Owner
Item quantity changed in shop: 0 in shop: MyShop by user: 0
Item quantity changed in shop: 1 in shop: MyShop by user: 0
Item quantity changed in shop: 2 in shop: MyShop by user: 0
Shop info retrieved: MyShop by user: Owner
User entered the system
User logged in successfully
Shop manager added: mgr in shop: MyShop by user: 0
Shop info retrieved: MyShop by user: mgr
]]></system-err>
  </testcase>
  <testcase name="productNotFound" classname="Tests.AccepanceTests" time="0.131">
    <system-err><![CDATA[User entered the system
User logged in successfully
Shop created: MyShop by user: 0
Item added to shop: Apple in shop: MyShop by user: 0
Item added to shop: Banana in shop: MyShop by user: 0
Item added to shop: Laptop in shop: MyShop by user: 0
Shop info retrieved: MyShop by user: Owner
Item quantity changed in shop: 0 in shop: MyShop by user: 0
Item quantity changed in shop: 1 in shop: MyShop by user: 0
Item quantity changed in shop: 2 in shop: MyShop by user: 0
Shop info retrieved: MyShop by user: Owner
Error changing item quantity in shop: Item ID does not exist in the shop.
]]></system-err>
  </testcase>
  <testcase name="searchItemsInSpecificShop" classname="Tests.AccepanceTests" time="0.132">
    <system-err><![CDATA[User entered the system
User logged in successfully
Shop created: MyShop by user: 0
Item added to shop: Apple in shop: MyShop by user: 0
Item added to shop: Banana in shop: MyShop by user: 0
Item added to shop: Laptop in shop: MyShop by user: 0
Shop info retrieved: MyShop by user: Owner
Item quantity changed in shop: 0 in shop: MyShop by user: 0
Item quantity changed in shop: 1 in shop: MyShop by user: 0
Item quantity changed in shop: 2 in shop: MyShop by user: 0
Shop info retrieved: MyShop by user: Owner
User entered the system
]]></system-err>
  </testcase>
  <testcase name="removeItemsFromShop" classname="Tests.AccepanceTests" time="0.134">
    <system-err><![CDATA[User entered the system
User logged in successfully
Shop created: MyShop by user: 0
Item added to shop: Apple in shop: MyShop by user: 0
Item added to shop: Banana in shop: MyShop by user: 0
Item added to shop: Laptop in shop: MyShop by user: 0
Shop info retrieved: MyShop by user: Owner
Item quantity changed in shop: 0 in shop: MyShop by user: 0
Item quantity changed in shop: 1 in shop: MyShop by user: 0
Item quantity changed in shop: 2 in shop: MyShop by user: 0
Shop info retrieved: MyShop by user: Owner
Item removed from shop: 0 in shop: MyShop by user: 0
]]></system-err>
  </testcase>
  <testcase name="successfulUserLogin" classname="Tests.AccepanceTests" time="0.135">
    <system-err><![CDATA[User entered the system
User logged in successfully
]]></system-err>
  </testcase>
  <testcase name="addItemToANonExistentShop" classname="Tests.AccepanceTests" time="0.127">
    <system-err><![CDATA[User entered the system
User logged in successfully
Error adding item to shop: Shop with ID 0 does not exist.
]]></system-err>
  </testcase>
  <testcase name="addItemToShop" classname="Tests.AccepanceTests" time="0.13">
    <system-err><![CDATA[User entered the system
User logged in successfully
Shop created: MyShop by user: 0
Item added to shop: Apple in shop: MyShop by user: 0
Shop info retrieved: MyShop by user: Owner
]]></system-err>
  </testcase>
  <testcase name="editPurchasePolicyNotLoggedIn" classname="Tests.AccepanceTests" time="0.002">
    <system-err><![CDATA[Error updating purchase type: Invalid compact JWT string: Compact JWSs must contain exactly 2 period characters, and compact JWEs must contain exactly 4.  Found: 0
]]></system-err>
  </testcase>
  <testcase name="removeManagerTest" classname="Tests.AccepanceTests" time="0.396">
    <system-err><![CDATA[User entered the system
User logged in successfully
Shop created: MyShop by user: 0
Item added to shop: Apple in shop: MyShop by user: 0
Item added to shop: Banana in shop: MyShop by user: 0
Item added to shop: Laptop in shop: MyShop by user: 0
Shop info retrieved: MyShop by user: Owner
Item quantity changed in shop: 0 in shop: MyShop by user: 0
Item quantity changed in shop: 1 in shop: MyShop by user: 0
Item quantity changed in shop: 2 in shop: MyShop by user: 0
Shop info retrieved: MyShop by user: Owner
User entered the system
User logged in successfully
Shop manager added: manager in shop: MyShop by user: 0
User entered the system
User logged in successfully
Error adding shop manager: User has no role in ShopId: 0
]]></system-err>
  </testcase>
  <testcase name="successfulGuestLogin" classname="Tests.AccepanceTests" time="0.001">
    <system-err><![CDATA[User entered the system
Cart contents: All items were listed successfully
]]></system-err>
  </testcase>
  <testcase name="openShopTest" classname="Tests.AccepanceTests" time="0.132">
    <system-err><![CDATA[User entered the system
User logged in successfully
Shop created: MyShop by user: 0
]]></system-err>
  </testcase>
</testsuite>