<?xml version="1.0" encoding="UTF-8"?>
<testsuite xmlns:xsi="http://www.w3.org/2001/XMLSchema-instance" xsi:noNamespaceSchemaLocation="https://maven.apache.org/surefire/maven-surefire-plugin/xsd/surefire-test-report.xsd" name="Tests.ManagerTest" time="0.007" tests="6" errors="0" skipped="0" failures="0">
  <properties>
    <property name="java.specification.version" value="21"/>
    <property name="sun.cpu.isalist" value="amd64"/>
    <property name="sun.jnu.encoding" value="Cp1252"/>
    <property name="java.class.path" value="C:\Users\Idan\Desktop\אקדמיה וכו\שנה ג\קורסים סמסטר ו\סדנה ליישום פרוייקט תוכנה\עבודות\project\Whole-System\workshop-project\Backend\target\test-classes;C:\Users\Idan\Desktop\אקדמיה וכו\שנה ג\קורסים סמסטר ו\סדנה ליישום פרוייקט תוכנה\עבודות\project\Whole-System\workshop-project\Backend\target\classes;C:\Users\Idan\.m2\repository\io\jsonwebtoken\jjwt-api\0.12.6\jjwt-api-0.12.6.jar;C:\Users\Idan\.m2\repository\io\jsonwebtoken\jjwt-impl\0.12.6\jjwt-impl-0.12.6.jar;C:\Users\Idan\.m2\repository\io\jsonwebtoken\jjwt-jackson\0.12.6\jjwt-jackson-0.12.6.jar;C:\Users\Idan\.m2\repository\com\fasterxml\jackson\core\jackson-annotations\2.15.3\jackson-annotations-2.15.3.jar;C:\Users\Idan\.m2\repository\com\fasterxml\jackson\core\jackson-core\2.15.3\jackson-core-2.15.3.jar;C:\Users\Idan\.m2\repository\com\fasterxml\jackson\core\jackson-databind\2.15.3\jackson-databind-2.15.3.jar;C:\Users\Idan\.m2\repository\org\springframework\spring-beans\7.0.0-M4\spring-beans-7.0.0-M4.jar;C:\Users\Idan\.m2\repository\org\springframework\spring-core\7.0.0-M4\spring-core-7.0.0-M4.jar;C:\Users\Idan\.m2\repository\org\jspecify\jspecify\1.0.0\jspecify-1.0.0.jar;C:\Users\Idan\.m2\repository\org\springframework\spring-context\7.0.0-M4\spring-context-7.0.0-M4.jar;C:\Users\Idan\.m2\repository\org\springframework\spring-aop\7.0.0-M4\spring-aop-7.0.0-M4.jar;C:\Users\Idan\.m2\repository\org\springframework\spring-expression\7.0.0-M4\spring-expression-7.0.0-M4.jar;C:\Users\Idan\.m2\repository\io\micrometer\micrometer-observation\1.15.0-RC1\micrometer-observation-1.15.0-RC1.jar;C:\Users\Idan\.m2\repository\io\micrometer\micrometer-commons\1.15.0-RC1\micrometer-commons-1.15.0-RC1.jar;C:\Users\Idan\.m2\repository\org\springframework\security\spring-security-crypto\6.2.1\spring-security-crypto-6.2.1.jar;C:\Users\Idan\.m2\repository\commons-logging\commons-logging\1.2\commons-logging-1.2.jar;C:\Users\Idan\.m2\repository\org\junit\platform\junit-platform-console-standalone\1.9.3\junit-platform-console-standalone-1.9.3.jar;C:\Users\Idan\.m2\repository\org\mockito\mockito-core\5.2.0\mockito-core-5.2.0.jar;C:\Users\Idan\.m2\repository\org\objenesis\objenesis\3.3\objenesis-3.3.jar;C:\Users\Idan\.m2\repository\org\mockito\mockito-inline\5.2.0\mockito-inline-5.2.0.jar;C:\Users\Idan\.m2\repository\org\mockito\mockito-junit-jupiter\5.2.0\mockito-junit-jupiter-5.2.0.jar;C:\Users\Idan\.m2\repository\net\bytebuddy\byte-buddy\1.17.5\byte-buddy-1.17.5.jar;C:\Users\Idan\.m2\repository\net\bytebuddy\byte-buddy-agent\1.17.5\byte-buddy-agent-1.17.5.jar;C:\Users\Idan\.m2\repository\org\junit\jupiter\junit-jupiter-api\5.9.3\junit-jupiter-api-5.9.3.jar;C:\Users\Idan\.m2\repository\org\opentest4j\opentest4j\1.2.0\opentest4j-1.2.0.jar;C:\Users\Idan\.m2\repository\org\junit\platform\junit-platform-commons\1.9.3\junit-platform-commons-1.9.3.jar;C:\Users\Idan\.m2\repository\org\apiguardian\apiguardian-api\1.1.2\apiguardian-api-1.1.2.jar;C:\Users\Idan\.m2\repository\org\junit\jupiter\junit-jupiter-engine\5.9.3\junit-jupiter-engine-5.9.3.jar;C:\Users\Idan\.m2\repository\org\junit\platform\junit-platform-engine\1.9.3\junit-platform-engine-1.9.3.jar;"/>
    <property name="java.vm.vendor" value="Oracle Corporation"/>
    <property name="sun.arch.data.model" value="64"/>
    <property name="user.variant" value=""/>
    <property name="java.vendor.url" value="https://java.oracle.com/"/>
    <property name="user.timezone" value="Asia/Jerusalem"/>
    <property name="user.country.format" value="IL"/>
    <property name="os.name" value="Windows 10"/>
    <property name="java.vm.specification.version" value="21"/>
    <property name="sun.java.launcher" value="SUN_STANDARD"/>
    <property name="user.country" value="US"/>
    <property name="sun.boot.library.path" value="C:\Program Files\Java\jdk-21\bin"/>
    <property name="sun.java.command" value="C:\Users\Idan\AppData\Local\Temp\surefire8186417514655842625\surefirebooter1204302290633025982.jar C:\Users\Idan\AppData\Local\Temp\surefire8186417514655842625 2025-05-05T22-36-20_319-jvmRun1 surefire1194540616782039150tmp surefire_06181095329381181868tmp"/>
    <property name="jdk.debug" value="release"/>
    <property name="surefire.test.class.path" value="C:\Users\Idan\Desktop\אקדמיה וכו\שנה ג\קורסים סמסטר ו\סדנה ליישום פרוייקט תוכנה\עבודות\project\Whole-System\workshop-project\Backend\target\test-classes;C:\Users\Idan\Desktop\אקדמיה וכו\שנה ג\קורסים סמסטר ו\סדנה ליישום פרוייקט תוכנה\עבודות\project\Whole-System\workshop-project\Backend\target\classes;C:\Users\Idan\.m2\repository\io\jsonwebtoken\jjwt-api\0.12.6\jjwt-api-0.12.6.jar;C:\Users\Idan\.m2\repository\io\jsonwebtoken\jjwt-impl\0.12.6\jjwt-impl-0.12.6.jar;C:\Users\Idan\.m2\repository\io\jsonwebtoken\jjwt-jackson\0.12.6\jjwt-jackson-0.12.6.jar;C:\Users\Idan\.m2\repository\com\fasterxml\jackson\core\jackson-annotations\2.15.3\jackson-annotations-2.15.3.jar;C:\Users\Idan\.m2\repository\com\fasterxml\jackson\core\jackson-core\2.15.3\jackson-core-2.15.3.jar;C:\Users\Idan\.m2\repository\com\fasterxml\jackson\core\jackson-databind\2.15.3\jackson-databind-2.15.3.jar;C:\Users\Idan\.m2\repository\org\springframework\spring-beans\7.0.0-M4\spring-beans-7.0.0-M4.jar;C:\Users\Idan\.m2\repository\org\springframework\spring-core\7.0.0-M4\spring-core-7.0.0-M4.jar;C:\Users\Idan\.m2\repository\org\jspecify\jspecify\1.0.0\jspecify-1.0.0.jar;C:\Users\Idan\.m2\repository\org\springframework\spring-context\7.0.0-M4\spring-context-7.0.0-M4.jar;C:\Users\Idan\.m2\repository\org\springframework\spring-aop\7.0.0-M4\spring-aop-7.0.0-M4.jar;C:\Users\Idan\.m2\repository\org\springframework\spring-expression\7.0.0-M4\spring-expression-7.0.0-M4.jar;C:\Users\Idan\.m2\repository\io\micrometer\micrometer-observation\1.15.0-RC1\micrometer-observation-1.15.0-RC1.jar;C:\Users\Idan\.m2\repository\io\micrometer\micrometer-commons\1.15.0-RC1\micrometer-commons-1.15.0-RC1.jar;C:\Users\Idan\.m2\repository\org\springframework\security\spring-security-crypto\6.2.1\spring-security-crypto-6.2.1.jar;C:\Users\Idan\.m2\repository\commons-logging\commons-logging\1.2\commons-logging-1.2.jar;C:\Users\Idan\.m2\repository\org\junit\platform\junit-platform-console-standalone\1.9.3\junit-platform-console-standalone-1.9.3.jar;C:\Users\Idan\.m2\repository\org\mockito\mockito-core\5.2.0\mockito-core-5.2.0.jar;C:\Users\Idan\.m2\repository\org\objenesis\objenesis\3.3\objenesis-3.3.jar;C:\Users\Idan\.m2\repository\org\mockito\mockito-inline\5.2.0\mockito-inline-5.2.0.jar;C:\Users\Idan\.m2\repository\org\mockito\mockito-junit-jupiter\5.2.0\mockito-junit-jupiter-5.2.0.jar;C:\Users\Idan\.m2\repository\net\bytebuddy\byte-buddy\1.17.5\byte-buddy-1.17.5.jar;C:\Users\Idan\.m2\repository\net\bytebuddy\byte-buddy-agent\1.17.5\byte-buddy-agent-1.17.5.jar;C:\Users\Idan\.m2\repository\org\junit\jupiter\junit-jupiter-api\5.9.3\junit-jupiter-api-5.9.3.jar;C:\Users\Idan\.m2\repository\org\opentest4j\opentest4j\1.2.0\opentest4j-1.2.0.jar;C:\Users\Idan\.m2\repository\org\junit\platform\junit-platform-commons\1.9.3\junit-platform-commons-1.9.3.jar;C:\Users\Idan\.m2\repository\org\apiguardian\apiguardian-api\1.1.2\apiguardian-api-1.1.2.jar;C:\Users\Idan\.m2\repository\org\junit\jupiter\junit-jupiter-engine\5.9.3\junit-jupiter-engine-5.9.3.jar;C:\Users\Idan\.m2\repository\org\junit\platform\junit-platform-engine\1.9.3\junit-platform-engine-1.9.3.jar;"/>
    <property name="sun.cpu.endian" value="little"/>
    <property name="user.home" value="C:\Users\Idan"/>
    <property name="user.language" value="en"/>
    <property name="java.specification.vendor" value="Oracle Corporation"/>
    <property name="java.version.date" value="2024-10-15"/>
    <property name="java.home" value="C:\Program Files\Java\jdk-21"/>
    <property name="file.separator" value="\"/>
    <property name="basedir" value="C:\Users\Idan\Desktop\אקדמיה וכו\שנה ג\קורסים סמסטר ו\סדנה ליישום פרוייקט תוכנה\עבודות\project\Whole-System\workshop-project\Backend"/>
    <property name="java.vm.compressedOopsMode" value="Zero based"/>
    <property name="line.separator" value="&#10;"/>
    <property name="java.vm.specification.vendor" value="Oracle Corporation"/>
    <property name="java.specification.name" value="Java Platform API Specification"/>
    <property name="surefire.real.class.path" value="C:\Users\Idan\AppData\Local\Temp\surefire8186417514655842625\surefirebooter1204302290633025982.jar"/>
    <property name="user.script" value=""/>
    <property name="sun.management.compiler" value="HotSpot 64-Bit Tiered Compilers"/>
    <property name="java.runtime.version" value="21.0.5+9-LTS-239"/>
    <property name="user.name" value="Idan"/>
    <property name="stdout.encoding" value="Cp1252"/>
    <property name="path.separator" value=";"/>
    <property name="os.version" value="10.0"/>
    <property name="java.runtime.name" value="Java(TM) SE Runtime Environment"/>
    <property name="file.encoding" value="UTF-8"/>
    <property name="java.vm.name" value="Java HotSpot(TM) 64-Bit Server VM"/>
    <property name="localRepository" value="C:\Users\Idan\.m2\repository"/>
    <property name="java.vendor.url.bug" value="https://bugreport.java.com/bugreport/"/>
    <property name="java.io.tmpdir" value="C:\Users\Idan\AppData\Local\Temp\"/>
    <property name="java.version" value="21.0.5"/>
    <property name="user.dir" value="C:\Users\Idan\Desktop\אקדמיה וכו\שנה ג\קורסים סמסטר ו\סדנה ליישום פרוייקט תוכנה\עבודות\project\Whole-System\workshop-project\Backend"/>
    <property name="os.arch" value="amd64"/>
    <property name="java.vm.specification.name" value="Java Virtual Machine Specification"/>
    <property name="sun.os.patch.level" value=""/>
    <property name="native.encoding" value="Cp1252"/>
    <property name="java.library.path" value="C:\Program Files\Java\jdk-21\bin;C:\Windows\Sun\Java\bin;C:\Windows\system32;C:\Windows;C:\Program Files\WindowsApps\Microsoft.PowerShell_7.5.1.0_x64__8wekyb3d8bbwe;C:\Program Files\Common Files\Oracle\Java\javapath;C:\Windows\system32;C:\Windows;C:\Windows\System32\Wbem;C:\Windows\System32\WindowsPowerShell\v1.0\;C:\Windows\System32\OpenSSH\;C:\Program Files\dotnet\;C:\Program Files\Microsoft SQL Server\150\Tools\Binn\;C:\Program Files\Microsoft SQL Server\Client SDK\ODBC\170\Tools\Binn\;C:\Program Files\Git\cmd;C:\Program Files\PuTTY\;C:\Program Files\apache-maven-3.9.6\bin;C:\Program Files\nodejs\;C:\Program Files\Docker\Docker\resources\bin;C:\Program Files\PowerShell\7-preview\preview;C:\Users\Idan\AppData\Local\Programs\Python\Python37\Scripts\;C:\Users\Idan\AppData\Local\Programs\Python\Python37\;C:\Users\Idan\AppData\Local\Programs\Python\Python313\Scripts\;C:\Users\Idan\AppData\Local\Programs\Python\Python313\;C:\Users\Idan\AppData\Local\Microsoft\WindowsApps;C:\Program Files\JetBrains\PyCharm Community Edition 2022.2.3\bin;C:\Users\Idan\.dotnet\tools;C:\Users\Idan\AppData\Local\JetBrains\Toolbox\scripts;;C:\Program Files\JetBrains\IntelliJ IDEA 2022.3.3\bin;;C:\Users\Idan\AppData\Local\Programs\Microsoft VS Code\bin;C:\Users\Idan\AppData\Roaming\npm;c:\Users\Idan\AppData\Roaming\Code\User\globalStorage\github.copilot-chat\debugCommand;."/>
    <property name="java.vm.info" value="mixed mode, sharing"/>
    <property name="stderr.encoding" value="Cp1252"/>
    <property name="java.vendor" value="Oracle Corporation"/>
    <property name="java.vm.version" value="21.0.5+9-LTS-239"/>
    <property name="sun.io.unicode.encoding" value="UnicodeLittle"/>
    <property name="java.class.version" value="65.0"/>
  </properties>
  <testcase name="testRemovePermission" classname="Tests.ManagerTest" time="0.003"/>
  <testcase name="testRemoveNonExistentPermission" classname="Tests.ManagerTest" time="0"/>
  <testcase name="testAddPermission" classname="Tests.ManagerTest" time="0"/>
  <testcase name="testHasNoPermission" classname="Tests.ManagerTest" time="0"/>
  <testcase name="testAddDuplicatePermission" classname="Tests.ManagerTest" time="0"/>
  <testcase name="testHasPermission" classname="Tests.ManagerTest" time="0"/>
</testsuite>